<?xml version="1.0" encoding="UTF-8"?>
<coverage generated="1646971061992" clover="3.2.0">
  <project timestamp="1646971061992" name="All files">
    <metrics statements="55" coveredstatements="29" conditionals="118" coveredconditionals="21" methods="7" coveredmethods="7" elements="180" coveredelements="57" complexity="0" loc="55" ncloc="55" packages="1" files="2" classes="2"/>
    <file name="card.js" path="D:\GitRepositories\Card-Game\app\modules\card.js">
      <metrics statements="50" coveredstatements="24" conditionals="116" coveredconditionals="19" methods="6" coveredmethods="6"/>
      <line num="3" count="7" type="cond" truecount="2" falsecount="0"/>
      <line num="4" count="5" type="stmt"/>
      <line num="6" count="2" type="stmt"/>
      <line num="8" count="5" type="cond" truecount="2" falsecount="0"/>
      <line num="9" count="3" type="stmt"/>
      <line num="11" count="2" type="stmt"/>
      <line num="15" count="7" type="stmt"/>
      <line num="16" count="7" type="stmt"/>
      <line num="17" count="7" type="cond" truecount="2" falsecount="0"/>
      <line num="18" count="5" type="stmt"/>
      <line num="20" count="2" type="stmt"/>
      <line num="23" count="7" type="stmt"/>
      <line num="24" count="70" type="stmt"/>
      <line num="25" count="5" type="cond" truecount="2" falsecount="0"/>
      <line num="26" count="3" type="stmt"/>
      <line num="28" count="2" type="stmt"/>
      <line num="31" count="7" type="stmt"/>
      <line num="32" count="1" type="cond" truecount="4" falsecount="4"/>
      <line num="38" count="1" type="cond" truecount="1" falsecount="43"/>
      <line num="42" count="0" type="stmt"/>
      <line num="68" count="0" type="stmt"/>
      <line num="72" count="0" type="stmt"/>
      <line num="95" count="0" type="stmt"/>
      <line num="99" count="0" type="stmt"/>
      <line num="120" count="0" type="stmt"/>
      <line num="124" count="0" type="stmt"/>
      <line num="143" count="0" type="stmt"/>
      <line num="147" count="0" type="stmt"/>
      <line num="164" count="0" type="stmt"/>
      <line num="168" count="0" type="stmt"/>
      <line num="183" count="0" type="stmt"/>
      <line num="187" count="0" type="stmt"/>
      <line num="200" count="0" type="stmt"/>
      <line num="204" count="0" type="stmt"/>
      <line num="215" count="0" type="stmt"/>
      <line num="219" count="0" type="stmt"/>
      <line num="228" count="0" type="stmt"/>
      <line num="233" count="1" type="stmt"/>
      <line num="240" count="1" type="stmt"/>
      <line num="246" count="0" type="stmt"/>
      <line num="255" count="0" type="stmt"/>
      <line num="260" count="0" type="stmt"/>
      <line num="269" count="0" type="stmt"/>
      <line num="274" count="0" type="stmt"/>
      <line num="283" count="0" type="stmt"/>
      <line num="285" count="0" type="stmt"/>
      <line num="286" count="0" type="stmt"/>
      <line num="291" count="7" type="stmt"/>
      <line num="292" count="1" type="cond" truecount="3" falsecount="1"/>
      <line num="293" count="1" type="stmt"/>
    </file>
    <file name="player.js" path="D:\GitRepositories\Card-Game\app\modules\player.js">
      <metrics statements="5" coveredstatements="5" conditionals="2" coveredconditionals="2" methods="1" coveredmethods="1"/>
      <line num="3" count="2" type="cond" truecount="2" falsecount="0"/>
      <line num="4" count="2" type="stmt"/>
      <line num="5" count="2" type="stmt"/>
      <line num="6" count="2" type="stmt"/>
      <line num="7" count="2" type="stmt"/>
    </file>
  </project>
</coverage>
