{"D:\\GitRepositories\\Card-Game\\app\\modules\\card.js": {"path":"D:\\GitRepositories\\Card-Game\\app\\modules\\card.js","statementMap":{"0":{"start":{"line":3,"column":8},"end":{"line":7,"column":9}},"1":{"start":{"line":4,"column":12},"end":{"line":4,"column":31}},"2":{"start":{"line":6,"column":12},"end":{"line":6,"column":34}},"3":{"start":{"line":8,"column":8},"end":{"line":12,"column":9}},"4":{"start":{"line":9,"column":12},"end":{"line":9,"column":31}},"5":{"start":{"line":11,"column":12},"end":{"line":11,"column":34}},"6":{"start":{"line":15,"column":20},"end":{"line":21,"column":5}},"7":{"start":{"line":16,"column":28},"end":{"line":16,"column":66}},"8":{"start":{"line":17,"column":8},"end":{"line":19,"column":9}},"9":{"start":{"line":18,"column":12},"end":{"line":18,"column":24}},"10":{"start":{"line":20,"column":8},"end":{"line":20,"column":21}},"11":{"start":{"line":23,"column":20},"end":{"line":29,"column":5}},"12":{"start":{"line":24,"column":28},"end":{"line":24,"column":65}},"13":{"start":{"line":24,"column":59},"end":{"line":24,"column":64}},"14":{"start":{"line":25,"column":8},"end":{"line":27,"column":9}},"15":{"start":{"line":26,"column":12},"end":{"line":26,"column":24}},"16":{"start":{"line":28,"column":8},"end":{"line":28,"column":21}},"17":{"start":{"line":31,"column":15},"end":{"line":289,"column":5}},"18":{"start":{"line":32,"column":8},"end":{"line":288,"column":9}},"19":{"start":{"line":38,"column":12},"end":{"line":287,"column":13}},"20":{"start":{"line":42,"column":20},"end":{"line":67,"column":40}},"21":{"start":{"line":68,"column":20},"end":{"line":68,"column":26}},"22":{"start":{"line":72,"column":20},"end":{"line":94,"column":40}},"23":{"start":{"line":95,"column":20},"end":{"line":95,"column":26}},"24":{"start":{"line":99,"column":20},"end":{"line":119,"column":40}},"25":{"start":{"line":120,"column":20},"end":{"line":120,"column":26}},"26":{"start":{"line":124,"column":20},"end":{"line":142,"column":40}},"27":{"start":{"line":143,"column":20},"end":{"line":143,"column":26}},"28":{"start":{"line":147,"column":20},"end":{"line":163,"column":40}},"29":{"start":{"line":164,"column":20},"end":{"line":164,"column":26}},"30":{"start":{"line":168,"column":20},"end":{"line":182,"column":40}},"31":{"start":{"line":183,"column":20},"end":{"line":183,"column":26}},"32":{"start":{"line":187,"column":20},"end":{"line":199,"column":40}},"33":{"start":{"line":200,"column":20},"end":{"line":200,"column":26}},"34":{"start":{"line":204,"column":20},"end":{"line":214,"column":40}},"35":{"start":{"line":215,"column":20},"end":{"line":215,"column":26}},"36":{"start":{"line":219,"column":20},"end":{"line":227,"column":40}},"37":{"start":{"line":228,"column":20},"end":{"line":228,"column":26}},"38":{"start":{"line":233,"column":20},"end":{"line":239,"column":40}},"39":{"start":{"line":240,"column":20},"end":{"line":240,"column":26}},"40":{"start":{"line":246,"column":20},"end":{"line":254,"column":40}},"41":{"start":{"line":255,"column":20},"end":{"line":255,"column":26}},"42":{"start":{"line":260,"column":20},"end":{"line":268,"column":40}},"43":{"start":{"line":269,"column":20},"end":{"line":269,"column":26}},"44":{"start":{"line":274,"column":20},"end":{"line":282,"column":40}},"45":{"start":{"line":283,"column":20},"end":{"line":283,"column":26}},"46":{"start":{"line":285,"column":20},"end":{"line":285,"column":63}},"47":{"start":{"line":286,"column":20},"end":{"line":286,"column":26}},"48":{"start":{"line":291,"column":15},"end":{"line":295,"column":5}},"49":{"start":{"line":292,"column":8},"end":{"line":294,"column":9}},"50":{"start":{"line":293,"column":12},"end":{"line":293,"column":39}}},"fnMap":{"0":{"name":"(anonymous_0)","decl":{"start":{"line":2,"column":4},"end":{"line":2,"column":5}},"loc":{"start":{"line":2,"column":30},"end":{"line":13,"column":5}},"line":2},"1":{"name":"(anonymous_1)","decl":{"start":{"line":15,"column":20},"end":{"line":15,"column":21}},"loc":{"start":{"line":15,"column":36},"end":{"line":21,"column":5}},"line":15},"2":{"name":"(anonymous_2)","decl":{"start":{"line":23,"column":20},"end":{"line":23,"column":21}},"loc":{"start":{"line":23,"column":36},"end":{"line":29,"column":5}},"line":23},"3":{"name":"(anonymous_3)","decl":{"start":{"line":24,"column":54},"end":{"line":24,"column":55}},"loc":{"start":{"line":24,"column":59},"end":{"line":24,"column":64}},"line":24},"4":{"name":"(anonymous_4)","decl":{"start":{"line":31,"column":15},"end":{"line":31,"column":16}},"loc":{"start":{"line":31,"column":37},"end":{"line":289,"column":5}},"line":31},"5":{"name":"(anonymous_5)","decl":{"start":{"line":291,"column":15},"end":{"line":291,"column":16}},"loc":{"start":{"line":291,"column":37},"end":{"line":295,"column":5}},"line":291}},"branchMap":{"0":{"loc":{"start":{"line":3,"column":8},"end":{"line":7,"column":9}},"type":"if","locations":[{"start":{"line":3,"column":8},"end":{"line":7,"column":9}},{"start":{"line":5,"column":15},"end":{"line":7,"column":9}}],"line":3},"1":{"loc":{"start":{"line":8,"column":8},"end":{"line":12,"column":9}},"type":"if","locations":[{"start":{"line":8,"column":8},"end":{"line":12,"column":9}},{"start":{"line":10,"column":15},"end":{"line":12,"column":9}}],"line":8},"2":{"loc":{"start":{"line":17,"column":8},"end":{"line":19,"column":9}},"type":"if","locations":[{"start":{"line":17,"column":8},"end":{"line":19,"column":9}},{"start":{},"end":{}}],"line":17},"3":{"loc":{"start":{"line":25,"column":8},"end":{"line":27,"column":9}},"type":"if","locations":[{"start":{"line":25,"column":8},"end":{"line":27,"column":9}},{"start":{},"end":{}}],"line":25},"4":{"loc":{"start":{"line":32,"column":8},"end":{"line":288,"column":9}},"type":"if","locations":[{"start":{"line":32,"column":8},"end":{"line":288,"column":9}},{"start":{},"end":{}}],"line":32},"5":{"loc":{"start":{"line":32,"column":12},"end":{"line":37,"column":39}},"type":"binary-expr","locations":[{"start":{"line":32,"column":12},"end":{"line":32,"column":46}},{"start":{"line":33,"column":12},"end":{"line":33,"column":31}},{"start":{"line":34,"column":13},"end":{"line":34,"column":35}},{"start":{"line":35,"column":16},"end":{"line":35,"column":37}},{"start":{"line":36,"column":16},"end":{"line":36,"column":37}},{"start":{"line":37,"column":16},"end":{"line":37,"column":38}}],"line":32},"6":{"loc":{"start":{"line":38,"column":12},"end":{"line":287,"column":13}},"type":"switch","locations":[{"start":{"line":39,"column":16},"end":{"line":39,"column":27}},{"start":{"line":40,"column":16},"end":{"line":40,"column":26}},{"start":{"line":41,"column":16},"end":{"line":68,"column":26}},{"start":{"line":69,"column":16},"end":{"line":69,"column":28}},{"start":{"line":70,"column":16},"end":{"line":70,"column":25}},{"start":{"line":71,"column":16},"end":{"line":95,"column":26}},{"start":{"line":96,"column":16},"end":{"line":96,"column":29}},{"start":{"line":97,"column":16},"end":{"line":97,"column":25}},{"start":{"line":98,"column":16},"end":{"line":120,"column":26}},{"start":{"line":121,"column":16},"end":{"line":121,"column":29}},{"start":{"line":122,"column":16},"end":{"line":122,"column":25}},{"start":{"line":123,"column":16},"end":{"line":143,"column":26}},{"start":{"line":144,"column":16},"end":{"line":144,"column":27}},{"start":{"line":145,"column":16},"end":{"line":145,"column":25}},{"start":{"line":146,"column":16},"end":{"line":164,"column":26}},{"start":{"line":165,"column":16},"end":{"line":165,"column":28}},{"start":{"line":166,"column":16},"end":{"line":166,"column":25}},{"start":{"line":167,"column":16},"end":{"line":183,"column":26}},{"start":{"line":184,"column":16},"end":{"line":184,"column":28}},{"start":{"line":185,"column":16},"end":{"line":185,"column":25}},{"start":{"line":186,"column":16},"end":{"line":200,"column":26}},{"start":{"line":201,"column":16},"end":{"line":201,"column":29}},{"start":{"line":202,"column":16},"end":{"line":202,"column":25}},{"start":{"line":203,"column":16},"end":{"line":215,"column":26}},{"start":{"line":216,"column":16},"end":{"line":216,"column":27}},{"start":{"line":217,"column":16},"end":{"line":217,"column":25}},{"start":{"line":218,"column":16},"end":{"line":228,"column":26}},{"start":{"line":229,"column":16},"end":{"line":229,"column":27}},{"start":{"line":230,"column":16},"end":{"line":230,"column":27}},{"start":{"line":231,"column":16},"end":{"line":231,"column":25}},{"start":{"line":232,"column":16},"end":{"line":240,"column":26}},{"start":{"line":241,"column":16},"end":{"line":241,"column":28}},{"start":{"line":242,"column":16},"end":{"line":242,"column":30}},{"start":{"line":243,"column":16},"end":{"line":243,"column":26}},{"start":{"line":244,"column":16},"end":{"line":255,"column":26}},{"start":{"line":256,"column":16},"end":{"line":256,"column":29}},{"start":{"line":257,"column":16},"end":{"line":257,"column":30}},{"start":{"line":258,"column":16},"end":{"line":258,"column":26}},{"start":{"line":259,"column":16},"end":{"line":269,"column":26}},{"start":{"line":270,"column":16},"end":{"line":270,"column":28}},{"start":{"line":271,"column":16},"end":{"line":271,"column":32}},{"start":{"line":272,"column":16},"end":{"line":272,"column":26}},{"start":{"line":273,"column":16},"end":{"line":283,"column":26}},{"start":{"line":284,"column":16},"end":{"line":286,"column":26}}],"line":38},"7":{"loc":{"start":{"line":43,"column":25},"end":{"line":43,"column":88}},"type":"cond-expr","locations":[{"start":{"line":43,"column":77},"end":{"line":43,"column":83}},{"start":{"line":43,"column":86},"end":{"line":43,"column":88}}],"line":43},"8":{"loc":{"start":{"line":43,"column":26},"end":{"line":43,"column":73}},"type":"binary-expr","locations":[{"start":{"line":43,"column":26},"end":{"line":43,"column":47}},{"start":{"line":43,"column":51},"end":{"line":43,"column":73}}],"line":43},"9":{"loc":{"start":{"line":73,"column":25},"end":{"line":73,"column":88}},"type":"cond-expr","locations":[{"start":{"line":73,"column":77},"end":{"line":73,"column":83}},{"start":{"line":73,"column":86},"end":{"line":73,"column":88}}],"line":73},"10":{"loc":{"start":{"line":73,"column":26},"end":{"line":73,"column":73}},"type":"binary-expr","locations":[{"start":{"line":73,"column":26},"end":{"line":73,"column":47}},{"start":{"line":73,"column":51},"end":{"line":73,"column":73}}],"line":73},"11":{"loc":{"start":{"line":100,"column":25},"end":{"line":100,"column":88}},"type":"cond-expr","locations":[{"start":{"line":100,"column":77},"end":{"line":100,"column":83}},{"start":{"line":100,"column":86},"end":{"line":100,"column":88}}],"line":100},"12":{"loc":{"start":{"line":100,"column":26},"end":{"line":100,"column":73}},"type":"binary-expr","locations":[{"start":{"line":100,"column":26},"end":{"line":100,"column":47}},{"start":{"line":100,"column":51},"end":{"line":100,"column":73}}],"line":100},"13":{"loc":{"start":{"line":125,"column":25},"end":{"line":125,"column":88}},"type":"cond-expr","locations":[{"start":{"line":125,"column":77},"end":{"line":125,"column":83}},{"start":{"line":125,"column":86},"end":{"line":125,"column":88}}],"line":125},"14":{"loc":{"start":{"line":125,"column":26},"end":{"line":125,"column":73}},"type":"binary-expr","locations":[{"start":{"line":125,"column":26},"end":{"line":125,"column":47}},{"start":{"line":125,"column":51},"end":{"line":125,"column":73}}],"line":125},"15":{"loc":{"start":{"line":148,"column":25},"end":{"line":148,"column":88}},"type":"cond-expr","locations":[{"start":{"line":148,"column":77},"end":{"line":148,"column":83}},{"start":{"line":148,"column":86},"end":{"line":148,"column":88}}],"line":148},"16":{"loc":{"start":{"line":148,"column":26},"end":{"line":148,"column":73}},"type":"binary-expr","locations":[{"start":{"line":148,"column":26},"end":{"line":148,"column":47}},{"start":{"line":148,"column":51},"end":{"line":148,"column":73}}],"line":148},"17":{"loc":{"start":{"line":169,"column":25},"end":{"line":169,"column":88}},"type":"cond-expr","locations":[{"start":{"line":169,"column":77},"end":{"line":169,"column":83}},{"start":{"line":169,"column":86},"end":{"line":169,"column":88}}],"line":169},"18":{"loc":{"start":{"line":169,"column":26},"end":{"line":169,"column":73}},"type":"binary-expr","locations":[{"start":{"line":169,"column":26},"end":{"line":169,"column":47}},{"start":{"line":169,"column":51},"end":{"line":169,"column":73}}],"line":169},"19":{"loc":{"start":{"line":188,"column":25},"end":{"line":188,"column":88}},"type":"cond-expr","locations":[{"start":{"line":188,"column":77},"end":{"line":188,"column":83}},{"start":{"line":188,"column":86},"end":{"line":188,"column":88}}],"line":188},"20":{"loc":{"start":{"line":188,"column":26},"end":{"line":188,"column":73}},"type":"binary-expr","locations":[{"start":{"line":188,"column":26},"end":{"line":188,"column":47}},{"start":{"line":188,"column":51},"end":{"line":188,"column":73}}],"line":188},"21":{"loc":{"start":{"line":205,"column":25},"end":{"line":205,"column":88}},"type":"cond-expr","locations":[{"start":{"line":205,"column":77},"end":{"line":205,"column":83}},{"start":{"line":205,"column":86},"end":{"line":205,"column":88}}],"line":205},"22":{"loc":{"start":{"line":205,"column":26},"end":{"line":205,"column":73}},"type":"binary-expr","locations":[{"start":{"line":205,"column":26},"end":{"line":205,"column":47}},{"start":{"line":205,"column":51},"end":{"line":205,"column":73}}],"line":205},"23":{"loc":{"start":{"line":220,"column":25},"end":{"line":220,"column":88}},"type":"cond-expr","locations":[{"start":{"line":220,"column":77},"end":{"line":220,"column":83}},{"start":{"line":220,"column":86},"end":{"line":220,"column":88}}],"line":220},"24":{"loc":{"start":{"line":220,"column":26},"end":{"line":220,"column":73}},"type":"binary-expr","locations":[{"start":{"line":220,"column":26},"end":{"line":220,"column":47}},{"start":{"line":220,"column":51},"end":{"line":220,"column":73}}],"line":220},"25":{"loc":{"start":{"line":234,"column":25},"end":{"line":234,"column":88}},"type":"cond-expr","locations":[{"start":{"line":234,"column":77},"end":{"line":234,"column":83}},{"start":{"line":234,"column":86},"end":{"line":234,"column":88}}],"line":234},"26":{"loc":{"start":{"line":234,"column":26},"end":{"line":234,"column":73}},"type":"binary-expr","locations":[{"start":{"line":234,"column":26},"end":{"line":234,"column":47}},{"start":{"line":234,"column":51},"end":{"line":234,"column":73}}],"line":234},"27":{"loc":{"start":{"line":247,"column":25},"end":{"line":247,"column":88}},"type":"cond-expr","locations":[{"start":{"line":247,"column":77},"end":{"line":247,"column":83}},{"start":{"line":247,"column":86},"end":{"line":247,"column":88}}],"line":247},"28":{"loc":{"start":{"line":247,"column":26},"end":{"line":247,"column":73}},"type":"binary-expr","locations":[{"start":{"line":247,"column":26},"end":{"line":247,"column":47}},{"start":{"line":247,"column":51},"end":{"line":247,"column":73}}],"line":247},"29":{"loc":{"start":{"line":261,"column":25},"end":{"line":261,"column":88}},"type":"cond-expr","locations":[{"start":{"line":261,"column":77},"end":{"line":261,"column":83}},{"start":{"line":261,"column":86},"end":{"line":261,"column":88}}],"line":261},"30":{"loc":{"start":{"line":261,"column":26},"end":{"line":261,"column":73}},"type":"binary-expr","locations":[{"start":{"line":261,"column":26},"end":{"line":261,"column":47}},{"start":{"line":261,"column":51},"end":{"line":261,"column":73}}],"line":261},"31":{"loc":{"start":{"line":275,"column":25},"end":{"line":275,"column":88}},"type":"cond-expr","locations":[{"start":{"line":275,"column":77},"end":{"line":275,"column":83}},{"start":{"line":275,"column":86},"end":{"line":275,"column":88}}],"line":275},"32":{"loc":{"start":{"line":275,"column":26},"end":{"line":275,"column":73}},"type":"binary-expr","locations":[{"start":{"line":275,"column":26},"end":{"line":275,"column":47}},{"start":{"line":275,"column":51},"end":{"line":275,"column":73}}],"line":275},"33":{"loc":{"start":{"line":292,"column":8},"end":{"line":294,"column":9}},"type":"if","locations":[{"start":{"line":292,"column":8},"end":{"line":294,"column":9}},{"start":{},"end":{}}],"line":292},"34":{"loc":{"start":{"line":292,"column":12},"end":{"line":292,"column":69}},"type":"binary-expr","locations":[{"start":{"line":292,"column":12},"end":{"line":292,"column":46}},{"start":{"line":292,"column":50},"end":{"line":292,"column":69}}],"line":292}},"s":{"0":7,"1":5,"2":2,"3":5,"4":3,"5":2,"6":7,"7":7,"8":7,"9":5,"10":2,"11":7,"12":5,"13":70,"14":5,"15":3,"16":2,"17":7,"18":1,"19":1,"20":0,"21":0,"22":0,"23":0,"24":0,"25":0,"26":0,"27":0,"28":0,"29":0,"30":0,"31":0,"32":0,"33":0,"34":0,"35":0,"36":0,"37":0,"38":1,"39":1,"40":0,"41":0,"42":0,"43":0,"44":0,"45":0,"46":0,"47":0,"48":7,"49":1,"50":1},"f":{"0":7,"1":7,"2":5,"3":70,"4":1,"5":1},"b":{"0":[5,2],"1":[3,2],"2":[5,2],"3":[3,2],"4":[1,0],"5":[1,1,1,0,0,0],"6":[0,0,0,0,0,0,0,0,0,0,0,0,0,0,0,0,0,0,0,0,0,0,0,0,0,0,0,0,0,0,1,0,0,0,0,0,0,0,0,0,0,0,0,0],"7":[0,0],"8":[0,0],"9":[0,0],"10":[0,0],"11":[0,0],"12":[0,0],"13":[0,0],"14":[0,0],"15":[0,0],"16":[0,0],"17":[0,0],"18":[0,0],"19":[0,0],"20":[0,0],"21":[0,0],"22":[0,0],"23":[0,0],"24":[0,0],"25":[0,1],"26":[1,1],"27":[0,0],"28":[0,0],"29":[0,0],"30":[0,0],"31":[0,0],"32":[0,0],"33":[1,0],"34":[1,1]},"_coverageSchema":"1a1c01bbd47fc00a2c39e90264f33305004495a9","hash":"d2e9d5909eee67c4de6cd84b7b02b0ef7a1cc929"}
,"D:\\GitRepositories\\Card-Game\\app\\modules\\player.js": {"path":"D:\\GitRepositories\\Card-Game\\app\\modules\\player.js","statementMap":{"0":{"start":{"line":3,"column":8},"end":{"line":3,"column":31}},"1":{"start":{"line":4,"column":8},"end":{"line":4,"column":23}},"2":{"start":{"line":5,"column":8},"end":{"line":5,"column":31}},"3":{"start":{"line":6,"column":8},"end":{"line":6,"column":30}},"4":{"start":{"line":7,"column":8},"end":{"line":7,"column":30}}},"fnMap":{"0":{"name":"(anonymous_0)","decl":{"start":{"line":2,"column":4},"end":{"line":2,"column":5}},"loc":{"start":{"line":2,"column":22},"end":{"line":8,"column":5}},"line":2}},"branchMap":{"0":{"loc":{"start":{"line":3,"column":20},"end":{"line":3,"column":30}},"type":"binary-expr","locations":[{"start":{"line":3,"column":20},"end":{"line":3,"column":25}},{"start":{"line":3,"column":29},"end":{"line":3,"column":30}}],"line":3}},"s":{"0":2,"1":2,"2":2,"3":2,"4":2},"f":{"0":2},"b":{"0":[2,1]},"_coverageSchema":"1a1c01bbd47fc00a2c39e90264f33305004495a9","hash":"4d4e90a46a1eda641b78a2ff7c6e977b4376e955"}
}
