TN:
SF:app\modules\card.js
FN:2,(anonymous_0)
FN:15,(anonymous_1)
FN:23,(anonymous_2)
FN:24,(anonymous_3)
FN:31,(anonymous_4)
FN:291,(anonymous_5)
FNF:6
FNH:6
FNDA:7,(anonymous_0)
FNDA:7,(anonymous_1)
FNDA:5,(anonymous_2)
FNDA:70,(anonymous_3)
FNDA:1,(anonymous_4)
FNDA:1,(anonymous_5)
DA:3,7
DA:4,5
DA:6,2
DA:8,5
DA:9,3
DA:11,2
DA:15,7
DA:16,7
DA:17,7
DA:18,5
DA:20,2
DA:23,7
DA:24,70
DA:25,5
DA:26,3
DA:28,2
DA:31,7
DA:32,1
DA:38,1
DA:42,0
DA:68,0
DA:72,0
DA:95,0
DA:99,0
DA:120,0
DA:124,0
DA:143,0
DA:147,0
DA:164,0
DA:168,0
DA:183,0
DA:187,0
DA:200,0
DA:204,0
DA:215,0
DA:219,0
DA:228,0
DA:233,1
DA:240,1
DA:246,0
DA:255,0
DA:260,0
DA:269,0
DA:274,0
DA:283,0
DA:285,0
DA:286,0
DA:291,7
DA:292,1
DA:293,1
LF:50
LH:24
BRDA:3,0,0,5
BRDA:3,0,1,2
BRDA:8,1,0,3
BRDA:8,1,1,2
BRDA:17,2,0,5
BRDA:17,2,1,2
BRDA:25,3,0,3
BRDA:25,3,1,2
BRDA:32,4,0,1
BRDA:32,4,1,0
BRDA:32,5,0,1
BRDA:32,5,1,1
BRDA:32,5,2,1
BRDA:32,5,3,0
BRDA:32,5,4,0
BRDA:32,5,5,0
BRDA:38,6,0,0
BRDA:38,6,1,0
BRDA:38,6,2,0
BRDA:38,6,3,0
BRDA:38,6,4,0
BRDA:38,6,5,0
BRDA:38,6,6,0
BRDA:38,6,7,0
BRDA:38,6,8,0
BRDA:38,6,9,0
BRDA:38,6,10,0
BRDA:38,6,11,0
BRDA:38,6,12,0
BRDA:38,6,13,0
BRDA:38,6,14,0
BRDA:38,6,15,0
BRDA:38,6,16,0
BRDA:38,6,17,0
BRDA:38,6,18,0
BRDA:38,6,19,0
BRDA:38,6,20,0
BRDA:38,6,21,0
BRDA:38,6,22,0
BRDA:38,6,23,0
BRDA:38,6,24,0
BRDA:38,6,25,0
BRDA:38,6,26,0
BRDA:38,6,27,0
BRDA:38,6,28,0
BRDA:38,6,29,0
BRDA:38,6,30,1
BRDA:38,6,31,0
BRDA:38,6,32,0
BRDA:38,6,33,0
BRDA:38,6,34,0
BRDA:38,6,35,0
BRDA:38,6,36,0
BRDA:38,6,37,0
BRDA:38,6,38,0
BRDA:38,6,39,0
BRDA:38,6,40,0
BRDA:38,6,41,0
BRDA:38,6,42,0
BRDA:38,6,43,0
BRDA:43,7,0,0
BRDA:43,7,1,0
BRDA:43,8,0,0
BRDA:43,8,1,0
BRDA:73,9,0,0
BRDA:73,9,1,0
BRDA:73,10,0,0
BRDA:73,10,1,0
BRDA:100,11,0,0
BRDA:100,11,1,0
BRDA:100,12,0,0
BRDA:100,12,1,0
BRDA:125,13,0,0
BRDA:125,13,1,0
BRDA:125,14,0,0
BRDA:125,14,1,0
BRDA:148,15,0,0
BRDA:148,15,1,0
BRDA:148,16,0,0
BRDA:148,16,1,0
BRDA:169,17,0,0
BRDA:169,17,1,0
BRDA:169,18,0,0
BRDA:169,18,1,0
BRDA:188,19,0,0
BRDA:188,19,1,0
BRDA:188,20,0,0
BRDA:188,20,1,0
BRDA:205,21,0,0
BRDA:205,21,1,0
BRDA:205,22,0,0
BRDA:205,22,1,0
BRDA:220,23,0,0
BRDA:220,23,1,0
BRDA:220,24,0,0
BRDA:220,24,1,0
BRDA:234,25,0,0
BRDA:234,25,1,1
BRDA:234,26,0,1
BRDA:234,26,1,1
BRDA:247,27,0,0
BRDA:247,27,1,0
BRDA:247,28,0,0
BRDA:247,28,1,0
BRDA:261,29,0,0
BRDA:261,29,1,0
BRDA:261,30,0,0
BRDA:261,30,1,0
BRDA:275,31,0,0
BRDA:275,31,1,0
BRDA:275,32,0,0
BRDA:275,32,1,0
BRDA:292,33,0,1
BRDA:292,33,1,0
BRDA:292,34,0,1
BRDA:292,34,1,1
BRF:116
BRH:19
end_of_record
TN:
SF:app\modules\player.js
FN:2,(anonymous_0)
FNF:1
FNH:1
FNDA:2,(anonymous_0)
DA:3,2
DA:4,2
DA:5,2
DA:6,2
DA:7,2
LF:5
LH:5
BRDA:3,0,0,2
BRDA:3,0,1,1
BRF:2
BRH:2
end_of_record
